0 info it worked if it ends with ok
1 verbose cli [ 'C:\\Program Files\\nodejs\\node.exe',
1 verbose cli   'C:\\Program Files\\nodejs\\node_modules\\npm\\bin\\npm-cli.js',
1 verbose cli   'install',
1 verbose cli   'bootleaf' ]
2 info using npm@2.14.7
3 info using node@v4.2.2
4 verbose config Skipping project config: C:\Users\MSimon/.npmrc. (matches userconfig)
5 verbose install initial load of C:\Users\MSimon\package.json
6 verbose installManyTop reading scoped package data from C:\Users\MSimon\node_modules\bootstrap\package.json
7 verbose installManyTop reading scoped package data from C:\Users\MSimon\node_modules\ogr2ogr\package.json
8 info package.json ogr2ogr@0.5.1 No license field.
9 verbose readDependencies loading dependencies from C:\Users\MSimon\package.json
10 silly cache add args [ 'bootleaf', null ]
11 verbose cache add spec bootleaf
12 silly cache add parsed spec Result {
12 silly cache add   raw: 'bootleaf',
12 silly cache add   scope: null,
12 silly cache add   name: 'bootleaf',
12 silly cache add   rawSpec: '',
12 silly cache add   spec: '*',
12 silly cache add   type: 'range' }
13 silly addNamed bootleaf@*
14 verbose addNamed "*" is a valid semver range for bootleaf
15 silly addNameRange { name: 'bootleaf', range: '*', hasData: false }
16 silly mapToRegistry name bootleaf
17 silly mapToRegistry using default registry
18 silly mapToRegistry registry https://registry.npmjs.org/
19 silly mapToRegistry uri https://registry.npmjs.org/bootleaf
20 verbose addNameRange registry:https://registry.npmjs.org/bootleaf not in flight; fetching
21 verbose request uri https://registry.npmjs.org/bootleaf
22 verbose request no auth needed
23 info attempt registry request try #1 at 5:04:51 PM
24 verbose request id 306555f51fe106c7
25 http request GET https://registry.npmjs.org/bootleaf
26 http 404 https://registry.npmjs.org/bootleaf
27 verbose headers { 'content-type': 'application/json',
27 verbose headers   'cache-control': 'max-age=0',
27 verbose headers   'content-length': '2',
27 verbose headers   'accept-ranges': 'bytes',
27 verbose headers   date: 'Fri, 22 Jan 2016 01:04:51 GMT',
27 verbose headers   via: '1.1 varnish',
27 verbose headers   age: '0',
27 verbose headers   connection: 'keep-alive',
27 verbose headers   'x-served-by': 'cache-sjc3120-SJC',
27 verbose headers   'x-cache': 'MISS',
27 verbose headers   'x-cache-hits': '0',
27 verbose headers   'x-timer': 'S1453424691.185735,VS0,VE156' }
28 silly get cb [ 404,
28 silly get   { 'content-type': 'application/json',
28 silly get     'cache-control': 'max-age=0',
28 silly get     'content-length': '2',
28 silly get     'accept-ranges': 'bytes',
28 silly get     date: 'Fri, 22 Jan 2016 01:04:51 GMT',
28 silly get     via: '1.1 varnish',
28 silly get     age: '0',
28 silly get     connection: 'keep-alive',
28 silly get     'x-served-by': 'cache-sjc3120-SJC',
28 silly get     'x-cache': 'MISS',
28 silly get     'x-cache-hits': '0',
28 silly get     'x-timer': 'S1453424691.185735,VS0,VE156' } ]
29 verbose stack Error: Registry returned 404 for GET on https://registry.npmjs.org/bootleaf
29 verbose stack     at makeError (C:\Program Files\nodejs\node_modules\npm\node_modules\npm-registry-client\lib\request.js:264:12)
29 verbose stack     at CachingRegistryClient.<anonymous> (C:\Program Files\nodejs\node_modules\npm\node_modules\npm-registry-client\lib\request.js:242:14)
29 verbose stack     at Request._callback (C:\Program Files\nodejs\node_modules\npm\node_modules\npm-registry-client\lib\request.js:172:14)
29 verbose stack     at Request.self.callback (C:\Program Files\nodejs\node_modules\npm\node_modules\request\request.js:198:22)
29 verbose stack     at emitTwo (events.js:87:13)
29 verbose stack     at Request.emit (events.js:172:7)
29 verbose stack     at Request.<anonymous> (C:\Program Files\nodejs\node_modules\npm\node_modules\request\request.js:1063:14)
29 verbose stack     at emitOne (events.js:82:20)
29 verbose stack     at Request.emit (events.js:169:7)
29 verbose stack     at IncomingMessage.<anonymous> (C:\Program Files\nodejs\node_modules\npm\node_modules\request\request.js:1009:12)
30 verbose statusCode 404
31 verbose pkgid bootleaf
32 verbose cwd C:\Users\MSimon\GIS\Web_Mapping\bootleaf-master
33 error Windows_NT 6.1.7601
34 error argv "C:\\Program Files\\nodejs\\node.exe" "C:\\Program Files\\nodejs\\node_modules\\npm\\bin\\npm-cli.js" "install" "bootleaf"
35 error node v4.2.2
36 error npm  v2.14.7
37 error code E404
38 error 404 Registry returned 404 for GET on https://registry.npmjs.org/bootleaf
38 error 404
38 error 404 'bootleaf' is not in the npm registry.
38 error 404 You should bug the author to publish it (or use the name yourself!)
38 error 404
38 error 404 Note that you can also install from a
38 error 404 tarball, folder, http url, or git url.
39 verbose exit [ 1, true ]
